<?xml version="1.0" encoding="UTF-8"?>
<!-- Generated by org.testng.reporters.JUnitXMLReporter -->
<testsuite ignored="0" hostname="TECHNOLOGY-KRITIKA" failures="0" tests="4" name="Test" time="11.514" errors="0" timestamp="2023-10-19T23:13:52 IST">
  <testcase classname="com.tests.UserAPITest" name="testCreateUser" time="3.925"/>
  <testcase classname="com.tests.UserAPITest" name="testGetUser" time="1.332"/>
  <testcase classname="com.tests.UserAPITest" name="testUpdateUser" time="3.62"/>
  <testcase classname="com.tests.UserAPITest" name="testDeleteUser" time="1.414"/>
</testsuite> <!-- Test -->
